452
0 L 0 229 1
0 L 0 110 1
1 L 0 164 1
1 L 0 277 1
3 L 0 360 1
3 L 0 83 1
3 L 0 374 1
3 L 0 227 1
5 L 0 216 1
5 L 0 57 1
5 L 0 252 1
6 L 2 323 1
6 L 2 46 1
7 L 0 136 1
7 L 0 122 1
7 L 0 350 1
8 L 2 75 1
8 L 2 172 1
8 L 2 63 1
9 L 2 132 1
9 L 2 199 1
10 L 2 299 1
10 L 2 255 1
10 L 2 63 1
11 L 2 106 1
11 L 2 163 1
11 L 2 26 1
11 L 2 138 1
12 L 2 119 1
12 L 2 278 1
12 L 2 223 1
13 L 0 16 1
13 L 0 326 1
14 L 0 138 1
14 L 0 63 1
14 L 0 285 1
14 L 0 375 1
15 L 2 241 1
15 L 2 172 1
15 L 2 221 1
15 L 2 278 1
16 L 2 8 1
16 L 2 243 1
16 L 2 319 1
17 L 0 64 1
17 L 0 73 1
17 L 0 360 1
18 L 2 45 1
18 L 2 167 1
19 L 0 154 1
19 L 0 46 1
20 L 0 154 1
20 L 0 292 1
22 L 0 35 1
22 L 0 371 1
22 L 0 150 1
24 L 2 242 1
24 L 2 163 1
24 L 2 287 1
25 L 2 360 1
25 L 2 323 1
26 L 0 189 1
26 L 0 85 1
26 L 0 47 1
27 L 0 237 1
27 L 0 326 1
28 L 0 38 1
0 D 876 110 1
0 D 876 229 1
1 D 176 164 1
1 D 176 277 1
3 D 1112 83 1
3 D 1112 227 1
3 D 1112 360 1
3 D 1112 374 1
5 D 1094 57 1
5 D 1094 216 1
5 D 1094 252 1
6 D 1124 46 1
6 D 1124 323 1
7 D 624 122 1
7 D 624 136 1
7 D 624 350 1
8 D 537 63 1
8 D 537 75 1
8 D 537 172 1
9 D 317 132 1
9 D 317 199 1
10 D 419 63 1
10 D 419 255 1
10 D 419 299 1
11 D 214 26 1
11 D 214 106 1
11 D 214 138 1
11 D 214 163 1
12 D 733 119 1
12 D 733 223 1
12 D 733 278 1
13 D 431 16 1
13 D 431 326 1
14 D 47 63 1
14 D 47 138 1
14 D 47 285 1
14 D 47 375 1
15 D 754 172 1
15 D 754 221 1
15 D 754 241 1
15 D 754 278 1
16 D 192 8 1
16 D 192 243 1
16 D 192 319 1
17 D 255 64 1
17 D 255 73 1
17 D 255 360 1
18 D 383 45 1
18 D 383 167 1
19 D 160 46 1
19 D 160 154 1
20 D 807 154 1
20 D 807 292 1
22 D 345 35 1
22 D 345 150 1
22 D 345 371 1
24 D 933 163 1
24 D 933 242 1
24 D 933 287 1
25 D 474 323 1
25 D 474 360 1
26 D 494 47 1
26 D 494 85 1
26 D 494 189 1
27 D 1017 237 1
27 D 1017 326 1
28 D 237 38 1
0 L 0 127 1
1 L 0 382 1
1 L 0 239 1
3 L 0 157 1
3 L 0 383 1
5 L 0 127 1
6 L 2 137 1
6 L 2 164 1
7 L 0 136 1
7 L 0 216 1
7 L 0 37 1
8 L 2 241 1
8 L 2 314 1
8 L 2 278 1
11 L 2 221 1
12 L 2 2 1
12 L 2 132 1
13 L 0 2 1
13 L 0 123 1
13 L 0 397 1
15 L 2 242 1
16 L 2 382 1
17 L 0 225 1
17 L 0 350 1
18 L 2 136 1
18 L 2 57 1
20 L 0 293 1
20 L 0 206 1
22 L 0 35 1
24 L 2 377 1
26 L 0 164 1
27 L 0 163 1
27 L 0 348 1
27 L 0 237 1
0 D 876 127 1
1 D 176 239 1
1 D 176 382 1
3 D 1112 157 1
3 D 1112 383 1
5 D 1094 127 1
6 D 1124 137 1
6 D 1124 164 1
7 D 624 37 1
7 D 624 136 1
7 D 624 216 1
8 D 537 241 1
8 D 537 278 1
8 D 537 314 1
11 D 214 221 1
12 D 733 2 1
12 D 733 132 1
13 D 431 2 1
13 D 431 123 1
13 D 431 397 1
15 D 754 242 1
16 D 192 382 1
17 D 255 225 1
17 D 255 350 1
18 D 383 57 1
18 D 383 136 1
20 D 807 206 1
20 D 807 293 1
22 D 345 35 1
24 D 933 377 1
26 D 494 164 1
27 D 1017 163 1
27 D 1017 237 1
27 D 1017 348 1
1 L 0 96 1
5 L 0 225 1
6 L 0 360 1
6 L 0 133 1
6 L 0 15 1
7 L 2 144 1
7 L 2 75 1
13 L 0 64 1
13 L 0 373 1
20 L 0 61 1
24 L 2 396 1
26 L 0 175 1
27 L 0 74 1
27 L 0 70 1
1 D 176 96 1
5 D 1094 225 1
6 D 624 15 1
6 D 624 133 1
6 D 624 360 1
7 D 733 75 1
7 D 733 144 1
13 D 431 64 1
13 D 431 373 1
20 D 807 61 1
24 D 933 396 1
26 D 494 175 1
27 D 1017 70 1
27 D 1017 74 1
6 L 0 16 1
6 L 0 186 1
6 L 0 300 1
6 D 624 16 1
6 D 624 186 1
6 D 624 300 1
26 L 0 173 1
26 L 0 245 1
28 L 2 81 1
28 L 2 50 1
28 L 2 205 1
26 D 1083 173 1
26 D 1083 245 1
28 D 714 50 1
28 D 714 81 1
28 D 714 205 1
15 L 0 104 1
15 L 0 180 1
26 L 0 210 1
26 L 0 347 1
26 L 0 70 1
15 D 1083 104 1
15 D 1083 180 1
26 D 1209 70 1
26 D 1209 210 1
26 D 1209 347 1
26 L 0 136 1
28 L 2 49 1
28 L 2 278 1
26 D 1209 136 1
28 D 1226 49 1
28 D 1226 278 1
10 L 2 75 1
28 L 0 109 1
28 L 0 127 1
10 D 1226 75 1
28 D 788 109 1
28 D 788 127 1
26 L 0 208 1
26 L 0 299 1
26 L 0 293 1
26 L 0 350 1
27 L 2 328 1
27 L 2 114 1
27 L 2 62 1
28 L 0 290 1
28 L 0 76 1
26 D 350 208 1
26 D 350 293 1
26 D 350 299 1
26 D 350 350 1
27 D 764 62 1
27 D 764 114 1
27 D 764 328 1
28 D 1055 76 1
28 D 1055 290 1
26 L 0 275 1
26 L 0 327 1
27 L 2 280 1
27 L 2 36 1
28 L 2 49 1
28 L 2 383 1
26 D 350 275 1
26 D 350 327 1
27 D 141 36 1
27 D 141 280 1
28 D 1159 49 1
28 D 1159 383 1
3 L 2 215 1
3 L 2 175 1
23 L 0 16 1
23 L 0 100 1
26 L 0 168 1
26 L 0 50 1
3 D 1159 175 1
3 D 1159 215 1
23 D 350 16 1
23 D 350 100 1
26 D 1065 50 1
26 D 1065 168 1
1 L 2 275 1
23 L 0 201 1
23 L 0 242 1
1 D 1159 275 1
23 D 350 201 1
23 D 350 242 1
23 L 0 99 1
23 D 350 99 1
26 L 0 168 1
26 L 0 52 1
26 L 0 143 1
26 D 1037 52 1
26 D 1037 143 1
26 D 1037 168 1
27 L 2 136 1
27 L 2 371 1
27 D 120 136 1
27 D 120 371 1
27 L 0 70 1
27 D 501 70 1
27 L 0 85 1
27 D 892 85 1
28 L 2 241 1
28 L 2 388 1
28 L 2 63 1
28 D 612 63 1
28 D 612 241 1
28 D 612 388 1
21 L 2 133 1
21 L 2 334 1
28 L 2 75 1
28 L 2 383 1
21 D 612 133 1
21 D 612 334 1
28 D 370 75 1
28 D 370 383 1
28 L 2 136 1
28 L 2 239 1
28 D 370 136 1
28 D 370 239 1
28 L 2 16 1
28 L 2 150 1
28 D 370 16 1
28 D 370 150 1
28 L 2 288 1
28 L 2 169 1
28 L 2 35 1
28 D 370 35 1
28 D 370 169 1
28 D 370 288 1
28 L 2 164 1
28 L 2 396 1
28 D 370 164 1
28 D 370 396 1
28 L 2 384 1
28 L 2 114 1
28 L 2 237 1
28 L 2 133 1
28 D 482 114 1
28 D 482 133 1
28 D 482 237 1
28 D 482 384 1
4 L 2 283 1
4 L 2 83 1
28 L 2 158 1
4 D 482 83 1
4 D 482 283 1
28 D 748 158 1
24 L 2 42 1
24 L 2 300 1
24 L 2 221 1
24 L 2 301 1
24 D 155 42 1
24 D 155 221 1
24 D 155 300 1
24 D 155 301 1
24 L 2 104 1
24 L 2 314 1
24 L 2 343 1
24 D 155 104 1
24 D 155 314 1
24 D 155 343 1
24 L 2 241 1
24 L 2 26 1
24 L 2 222 1
24 D 155 26 1
24 D 155 222 1
24 D 155 241 1
24 L 2 52 1
24 L 2 181 1
24 D 155 52 1
24 D 155 181 1
15 L 0 129 1
15 L 0 123 1
15 L 0 227 1
15 L 0 199 1
15 D 609 123 1
15 D 609 129 1
15 D 609 199 1
15 D 609 227 1
12 L 0 300 1
12 L 0 275 1
12 L 0 276 1
12 L 0 181 1
15 L 0 327 1
12 D 609 181 1
12 D 609 275 1
12 D 609 276 1
12 D 609 300 1
15 D 672 327 1
12 L 0 104 1
12 L 0 291 1
12 L 0 163 1
12 D 609 104 1
12 D 609 163 1
12 D 609 291 1
12 L 0 2 1
12 L 0 38 1
12 D 609 2 1
12 D 609 38 1
12 L 0 60 1
12 D 609 60 1
21 L 2 281 1
21 L 2 222 1
21 L 2 63 1
24 L 2 57 1
24 L 2 191 1
28 L 7 189 1
28 L 7 221 1
28 L 7 133 1
21 D 595 63 1
21 D 595 222 1
21 D 595 281 1
24 D 724 57 1
24 D 724 191 1
28 D 691 133 1
28 D 691 189 1
28 D 691 221 1
21 L 2 114 1
21 D 595 114 1
28 L 7 359 1
28 D 691 359 1
