234
0 L 0 594 1
0 L 0 293 1
0 L 0 614 1
1 L 0 200 1
1 L 0 209 1
1 L 0 488 1
2 L 0 904 1
2 L 0 992 1
2 L 0 645 1
2 L 0 303 1
3 L 0 753 1
3 L 0 350 1
3 L 0 935 1
4 L 0 736 1
4 L 0 724 1
4 L 0 940 1
5 L 0 856 1
5 L 0 653 1
5 L 0 982 1
6 L 0 41 1
6 L 0 906 1
7 L 0 627 1
7 L 0 301 1
8 L 0 465 1
8 L 0 468 1
8 L 0 789 1
8 L 0 455 1
9 L 0 793 1
9 L 0 326 1
10 L 0 384 2
10 L 0 736 1
10 L 0 484 1
10 L 0 741 1
11 L 0 970 1
11 L 0 862 1
12 L 0 794 1
12 L 0 500 1
12 L 0 218 1
12 L 0 247 1
13 L 0 88 1
13 L 0 484 1
13 L 0 894 1
14 L 0 385 1
14 L 0 628 1
15 L 0 362 1
15 L 0 163 1
16 L 0 720 1
16 L 0 730 1
17 L 0 916 1
17 L 0 431 1
18 L 0 539 1
18 L 0 931 1
18 L 0 855 1
19 L 0 401 1
19 L 0 444 1
19 L 0 751 1
0 D 659 293 1
0 D 659 594 1
0 D 659 614 1
1 D 591 200 1
1 D 591 209 1
1 D 591 488 1
2 D 339 303 1
2 D 339 645 1
2 D 339 904 1
2 D 339 992 1
3 D 450 350 1
3 D 450 753 1
3 D 450 935 1
4 D 428 724 1
4 D 428 736 1
4 D 428 940 1
5 D 11 653 1
5 D 11 856 1
5 D 11 982 1
6 D 782 41 1
6 D 782 906 1
7 D 332 301 1
7 D 332 627 1
8 D 71 455 1
8 D 71 465 1
8 D 71 468 1
8 D 71 789 1
9 D 249 326 1
9 D 249 793 1
10 D 36 384 2
10 D 36 484 1
10 D 36 736 1
10 D 36 741 1
11 D 514 862 1
11 D 514 970 1
12 D 1 218 1
12 D 1 247 1
12 D 1 500 1
12 D 1 794 1
13 D 159 88 1
13 D 159 484 1
13 D 159 894 1
14 D 653 385 1
14 D 653 628 1
15 D 17 163 1
15 D 17 362 1
16 D 449 720 1
16 D 449 730 1
17 D 312 431 1
17 D 312 916 1
18 D 52 539 1
18 D 52 855 1
18 D 52 931 1
19 D 422 401 1
19 D 422 444 1
19 D 422 751 1
1 L 0 593 1
1 L 0 275 1
2 L 0 8 1
2 L 0 755 1
2 L 0 76 1
2 L 0 550 1
3 L 0 424 1
3 L 0 914 1
5 L 0 133 1
6 L 0 301 1
6 L 0 543 1
7 L 0 743 1
8 L 0 520 1
8 L 0 511 1
9 L 0 552 1
9 L 0 819 1
10 L 0 609 1
10 L 0 30 1
12 L 0 963 1
13 L 0 896 1
13 L 0 320 1
17 L 0 162 1
17 L 0 915 1
17 L 0 926 1
17 L 0 590 1
18 L 0 835 1
18 L 0 255 1
18 L 0 981 1
18 L 0 671 1
1 D 591 275 1
1 D 591 593 1
2 D 339 8 1
2 D 339 76 1
2 D 339 550 1
2 D 339 755 1
3 D 450 424 1
3 D 450 914 1
5 D 11 133 1
6 D 782 301 1
6 D 782 543 1
7 D 332 743 1
8 D 71 511 1
8 D 71 520 1
9 D 249 552 1
9 D 249 819 1
10 D 36 30 1
10 D 36 609 1
12 D 1 963 1
13 D 159 320 1
13 D 159 896 1
17 D 312 162 1
17 D 312 590 1
17 D 312 915 1
17 D 312 926 1
18 D 668 255 1
18 D 668 671 1
18 D 668 835 1
18 D 668 981 1
1 L 0 344 1
1 L 0 315 1
2 L 0 614 1
2 L 0 415 1
3 L 0 722 1
3 L 0 115 1
3 L 0 717 1
8 L 0 468 1
8 L 0 534 1
8 L 0 791 1
9 L 0 87 1
10 L 0 104 1
10 L 0 536 1
10 L 0 51 1
12 L 0 782 1
17 L 0 773 1
17 L 0 398 1
18 L 0 917 1
19 L 0 781 1
1 D 591 315 1
1 D 591 344 1
2 D 339 415 1
2 D 339 614 1
3 D 450 115 1
3 D 450 717 1
3 D 450 722 1
8 D 71 468 1
8 D 71 534 1
8 D 71 791 1
9 D 249 87 1
10 D 36 51 1
10 D 36 104 1
10 D 36 536 1
12 D 1 782 1
17 D 312 398 1
17 D 312 773 1
18 D 422 917 1
19 D 668 781 1
1 L 0 562 1
1 L 0 348 1
1 L 0 5 1
2 L 0 435 1
3 L 0 910 1
3 L 0 286 1
8 L 0 160 1
10 L 0 600 1
10 L 0 338 1
17 L 0 263 1
1 D 591 5 1
1 D 591 348 1
1 D 591 562 1
2 D 339 435 1
3 D 450 286 1
3 D 450 910 1
8 D 71 160 1
10 D 36 338 1
10 D 36 600 1
17 D 312 263 1
10 L 0 648 1
10 L 0 139 1
10 D 36 139 1
10 D 36 648 1
10 L 0 427 1
10 D 36 427 1
