1034
0 L 7 576 1
0 L 7 1264 1
0 L 7 97 1
1 L 3 1185 1
1 L 3 877 1
1 L 3 998 1
1 L 3 1911 1
2 L 3 1857 1
2 L 3 1491 1
2 L 3 1439 1
3 L 1 720 1
3 L 1 35 1
3 L 1 599 1
4 L 5 763 1
4 L 5 836 1
5 L 2 1341 1
5 L 2 1997 1
5 L 2 127 1
6 L 9 1590 1
7 L 7 802 1
7 L 7 962 1
7 L 7 1502 1
7 L 7 1151 1
8 L 1 212 1
8 L 1 37 1
8 L 1 1270 1
8 L 1 1327 1
9 L 4 1371 1
9 L 4 956 1
9 L 4 1830 1
10 L 9 561 1
10 L 9 1172 1
10 L 9 1638 1
11 L 0 848 1
11 L 0 1050 1
11 L 0 668 1
11 L 0 1789 1
12 L 6 1260 1
12 L 6 422 1
12 L 6 406 1
13 L 10 560 1
13 L 10 1285 1
14 L 1 513 1
14 L 1 130 1
14 L 1 739 1
15 L 10 597 1
16 L 2 1832 1
16 L 2 145 1
16 L 2 964 1
16 L 2 1238 1
17 L 3 1376 1
17 L 3 1643 1
17 L 3 1263 1
18 L 4 105 1
18 L 4 426 1
18 L 4 1411 1
18 L 4 1950 1
19 L 8 1224 1
19 L 8 1120 1
19 L 8 111 1
20 L 10 1617 1
20 L 10 970 1
20 L 10 1163 1
20 L 10 1765 1
21 L 8 634 1
21 L 8 290 1
21 L 8 1863 1
22 L 3 1913 1
22 L 3 1659 1
22 L 3 916 1
23 L 9 688 1
23 L 9 1849 1
23 L 9 90 1
23 L 9 483 1
24 L 5 1786 1
24 L 5 1820 1
24 L 5 1719 1
25 L 8 1897 1
25 L 8 1227 1
26 L 5 736 1
26 L 5 83 1
26 L 5 92 1
26 L 5 854 1
27 L 7 512 1
27 L 7 1556 1
28 L 8 35 1
28 L 8 1406 1
29 L 5 1929 1
29 L 5 1890 1
29 L 5 1495 1
0 D 911 97 1
0 D 911 576 1
0 D 911 1264 1
1 D 905 877 1
1 D 905 998 1
1 D 905 1185 1
1 D 905 1911 1
2 D 762 1439 1
2 D 762 1491 1
2 D 762 1857 1
3 D 537 35 1
3 D 537 599 1
3 D 537 720 1
4 D 949 763 1
4 D 949 836 1
5 D 944 127 1
5 D 944 1341 1
5 D 944 1997 1
6 D 247 1590 1
7 D 237 802 1
7 D 237 962 1
7 D 237 1151 1
7 D 237 1502 1
8 D 600 37 1
8 D 600 212 1
8 D 600 1270 1
8 D 600 1327 1
9 D 664 956 1
9 D 664 1371 1
9 D 664 1830 1
10 D 372 561 1
10 D 372 1172 1
10 D 372 1638 1
11 D 34 668 1
11 D 34 848 1
11 D 34 1050 1
11 D 34 1789 1
12 D 552 406 1
12 D 552 422 1
12 D 552 1260 1
13 D 778 560 1
13 D 778 1285 1
14 D 894 130 1
14 D 894 513 1
14 D 894 739 1
15 D 656 597 1
16 D 223 145 1
16 D 223 964 1
16 D 223 1238 1
16 D 223 1832 1
17 D 547 1263 1
17 D 547 1376 1
17 D 547 1643 1
18 D 478 105 1
18 D 478 426 1
18 D 478 1411 1
18 D 478 1950 1
19 D 912 111 1
19 D 912 1120 1
19 D 912 1224 1
20 D 660 970 1
20 D 660 1163 1
20 D 660 1617 1
20 D 660 1765 1
21 D 112 290 1
21 D 112 634 1
21 D 112 1863 1
22 D 298 916 1
22 D 298 1659 1
22 D 298 1913 1
23 D 834 90 1
23 D 834 483 1
23 D 834 688 1
23 D 834 1849 1
24 D 9 1719 1
24 D 9 1786 1
24 D 9 1820 1
25 D 442 1227 1
25 D 442 1897 1
26 D 426 83 1
26 D 426 92 1
26 D 426 736 1
26 D 426 854 1
27 D 249 512 1
27 D 249 1556 1
28 D 862 35 1
28 D 862 1406 1
29 D 141 1495 1
29 D 141 1890 1
29 D 141 1929 1
0 L 8 1329 1
0 L 8 1860 1
0 L 8 1873 1
2 L 3 803 1
2 L 3 1475 1
2 L 3 879 1
3 L 3 1529 1
3 L 3 181 1
3 L 3 302 1
4 L 6 1505 1
6 L 7 627 1
6 L 7 180 1
8 L 7 1240 1
8 L 7 786 1
8 L 7 1389 1
10 L 10 1420 1
10 L 10 175 1
11 L 9 1402 1
12 L 10 1395 1
12 L 10 862 1
12 L 10 1087 1
13 L 3 1184 1
13 L 3 836 1
16 L 6 1267 1
16 L 6 949 1
18 L 8 1739 1
18 L 8 590 1
19 L 11 1414 1
19 L 11 119 1
20 L 10 1024 1
20 L 10 1788 1
21 L 3 1016 1
21 L 3 941 1
22 L 8 403 1
22 L 8 1508 1
23 L 9 58 1
23 L 9 30 1
24 L 6 1184 1
24 L 6 1106 1
24 L 6 183 1
25 L 0 623 1
25 L 0 1825 1
25 L 0 1039 1
25 L 0 420 1
25 L 0 1593 1
26 L 9 1441 1
26 L 9 1764 1
27 L 10 643 1
28 L 6 688 1
28 L 6 1448 1
28 L 6 684 1
28 L 6 111 1
29 L 5 1088 1
29 L 5 1945 1
29 L 5 732 1
29 L 5 1056 1
0 D 537 1329 1
0 D 537 1860 1
0 D 537 1873 1
2 D 762 803 1
2 D 762 879 1
2 D 762 1475 1
3 D 944 181 1
3 D 944 302 1
3 D 944 1529 1
4 D 949 1505 1
6 D 600 180 1
6 D 600 627 1
8 D 223 786 1
8 D 223 1240 1
8 D 223 1389 1
10 D 372 175 1
10 D 372 1420 1
11 D 552 1402 1
12 D 778 862 1
12 D 778 1087 1
12 D 778 1395 1
13 D 547 836 1
13 D 547 1184 1
16 D 426 949 1
16 D 426 1267 1
18 D 478 590 1
18 D 478 1739 1
19 D 912 119 1
19 D 912 1414 1
20 D 834 1024 1
20 D 834 1788 1
21 D 298 941 1
21 D 298 1016 1
22 D 823 403 1
22 D 823 1508 1
23 D 442 30 1
23 D 442 58 1
24 D 9 183 1
24 D 9 1106 1
24 D 9 1184 1
25 D 151 420 1
25 D 151 623 1
25 D 151 1039 1
25 D 151 1593 1
25 D 151 1825 1
26 D 831 1441 1
26 D 831 1764 1
27 D 249 643 1
28 D 370 111 1
28 D 370 684 1
28 D 370 688 1
28 D 370 1448 1
29 D 952 732 1
29 D 952 1056 1
29 D 952 1088 1
29 D 952 1945 1
1 L 4 691 1
1 L 4 797 1
2 L 8 8 1
2 L 8 1803 1
4 L 9 399 1
4 L 9 1420 1
4 L 9 303 1
5 L 1 296 1
5 L 1 810 1
5 L 1 1715 1
5 L 1 1567 1
7 L 9 1283 1
8 L 1 553 1
8 L 1 491 1
8 L 1 533 1
9 L 5 1875 1
9 L 5 701 1
9 L 5 1215 1
10 L 7 1938 1
10 L 7 162 1
16 L 3 1874 1
17 L 10 296 1
21 L 11 1444 1
25 L 3 563 1
25 L 3 997 1
26 L 11 1285 1
27 L 0 720 1
27 L 0 1754 1
27 L 0 719 1
29 L 6 257 1
29 L 6 1087 1
29 L 6 1255 1
1 D 905 691 1
1 D 905 797 1
2 D 537 8 1
2 D 537 1803 1
4 D 237 303 1
4 D 237 399 1
4 D 237 1420 1
5 D 762 296 1
5 D 762 810 1
5 D 762 1567 1
5 D 762 1715 1
7 D 223 1283 1
8 D 894 491 1
8 D 894 533 1
8 D 894 553 1
9 D 944 701 1
9 D 944 1215 1
9 D 944 1875 1
10 D 600 162 1
10 D 600 1938 1
16 D 547 1874 1
17 D 778 296 1
21 D 426 1444 1
25 D 298 563 1
25 D 298 997 1
26 D 968 1285 1
27 D 98 719 1
27 D 98 720 1
27 D 98 1754 1
29 D 9 257 1
29 D 9 1087 1
29 D 9 1255 1
1 L 3 1514 1
1 L 3 1910 1
3 L 10 1092 1
4 L 8 1833 1
4 L 8 732 1
5 L 8 1835 1
5 L 8 1971 1
5 L 8 668 1
8 L 9 154 1
8 L 9 1831 1
9 L 10 467 1
10 L 1 1435 1
13 L 9 1222 1
15 L 6 1458 1
15 L 6 1300 1
17 L 10 104 1
17 L 10 429 1
20 L 3 735 1
21 L 3 816 1
21 L 3 1097 1
21 L 3 1434 1
26 L 6 270 1
26 L 6 1854 1
28 L 7 624 1
28 L 7 560 1
1 D 151 1514 1
1 D 151 1910 1
3 D 537 1092 1
4 D 370 732 1
4 D 370 1833 1
5 D 952 668 1
5 D 952 1835 1
5 D 952 1971 1
8 D 905 154 1
8 D 905 1831 1
9 D 237 467 1
10 D 762 1435 1
13 D 600 1222 1
15 D 944 1300 1
15 D 944 1458 1
17 D 360 104 1
17 D 360 429 1
20 D 547 735 1
21 D 894 816 1
21 D 894 1097 1
21 D 894 1434 1
26 D 172 270 1
26 D 172 1854 1
28 D 646 560 1
28 D 646 624 1
3 L 8 1073 1
3 L 8 1055 1
5 L 8 216 1
5 L 8 512 1
5 L 8 278 1
6 L 4 803 1
6 L 4 247 1
6 L 4 1927 1
7 L 11 733 1
8 L 5 1824 1
8 L 5 161 1
8 L 5 623 1
12 L 0 119 1
17 L 10 1355 1
22 L 11 130 1
22 L 11 460 1
27 L 0 512 1
27 L 0 1858 1
27 L 0 1270 1
27 L 0 615 1
3 D 9 1055 1
3 D 9 1073 1
5 D 512 216 1
5 D 512 278 1
5 D 512 512 1
6 D 151 247 1
6 D 151 803 1
6 D 151 1927 1
7 D 370 733 1
8 D 298 161 1
8 D 298 623 1
8 D 298 1824 1
12 D 98 119 1
17 D 934 1355 1
22 D 203 130 1
22 D 203 460 1
27 D 779 512 1
27 D 779 615 1
27 D 779 1270 1
27 D 779 1858 1
5 L 6 31 1
11 L 3 1936 1
11 L 3 1681 1
11 L 3 1898 1
15 L 6 1896 1
15 L 6 1858 1
15 L 6 915 1
16 L 3 430 1
17 L 6 1818 1
18 L 10 1488 1
18 L 10 971 1
18 L 10 1718 1
21 L 5 905 1
21 L 5 1910 1
23 L 7 1049 1
23 L 7 1246 1
26 L 4 1056 1
26 L 4 1225 1
26 L 4 1966 1
26 L 4 1025 1
28 L 8 384 1
28 L 8 805 1
28 L 8 1285 1
29 L 8 521 1
29 L 8 398 1
5 D 172 31 1
11 D 894 1681 1
11 D 894 1898 1
11 D 894 1936 1
15 D 944 915 1
15 D 944 1858 1
15 D 944 1896 1
16 D 547 430 1
17 D 560 1818 1
18 D 622 971 1
18 D 622 1488 1
18 D 622 1718 1
21 D 298 905 1
21 D 298 1910 1
23 D 646 1049 1
23 D 646 1246 1
26 D 329 1025 1
26 D 329 1056 1
26 D 329 1225 1
26 D 329 1966 1
28 D 293 384 1
28 D 293 805 1
28 D 293 1285 1
29 D 151 398 1
29 D 151 521 1
1 L 3 1280 1
1 L 3 920 1
1 L 3 1523 1
1 L 3 132 1
13 L 4 810 1
13 L 4 10 1
26 L 5 858 1
26 L 5 490 1
26 L 5 1951 1
27 L 7 1304 1
27 L 7 448 1
29 L 10 1969 1
29 L 10 265 1
29 L 10 1025 1
1 D 355 132 1
1 D 355 920 1
1 D 355 1280 1
1 D 355 1523 1
13 D 779 10 1
13 D 779 810 1
26 D 243 490 1
26 D 243 858 1
26 D 243 1951 1
27 D 58 448 1
27 D 58 1304 1
29 D 943 265 1
29 D 943 1025 1
29 D 943 1969 1
4 L 10 1617 1
4 L 10 1981 1
4 L 10 1382 1
5 L 11 80 1
5 L 11 854 1
5 L 11 1599 1
6 L 6 448 1
6 L 6 1368 1
6 L 6 1718 1
7 L 10 1825 1
14 L 5 811 1
14 L 5 1419 1
20 L 1 1833 1
20 L 1 1338 1
20 L 1 1897 1
21 L 3 1771 1
21 L 3 147 1
28 L 7 233 1
28 L 7 1166 1
28 L 7 1455 1
29 L 0 1147 1
29 L 0 371 1
29 L 0 365 1
29 L 0 219 1
4 D 622 1382 1
4 D 622 1617 1
4 D 622 1981 1
5 D 203 80 1
5 D 203 854 1
5 D 203 1599 1
6 D 298 448 1
6 D 298 1368 1
6 D 298 1718 1
7 D 944 1825 1
14 D 894 811 1
14 D 894 1419 1
20 D 375 1338 1
20 D 375 1833 1
20 D 375 1897 1
21 D 355 147 1
21 D 355 1771 1
28 D 646 233 1
28 D 646 1166 1
28 D 646 1455 1
29 D 11 219 1
29 D 11 365 1
29 D 11 371 1
29 D 11 1147 1
2 L 4 1155 1
2 L 4 261 1
26 L 9 1010 1
26 L 9 1802 1
26 L 9 1266 1
2 D 779 261 1
2 D 779 1155 1
26 D 293 1010 1
26 D 293 1266 1
26 D 293 1802 1
4 L 4 473 1
4 L 4 235 1
9 L 7 1088 1
9 L 7 1978 1
9 L 7 479 1
14 L 1 1945 1
14 L 1 1195 1
14 L 1 1230 1
19 L 8 560 1
19 L 8 1526 1
19 L 8 1342 1
20 L 10 1704 1
22 L 7 1049 1
22 L 7 893 1
4 D 355 235 1
4 D 355 473 1
9 D 646 479 1
9 D 646 1088 1
9 D 646 1978 1
14 D 375 1195 1
14 D 375 1230 1
14 D 375 1945 1
19 D 243 560 1
19 D 243 1342 1
19 D 243 1526 1
20 D 107 1704 1
22 D 924 893 1
22 D 924 1049 1
2 L 0 384 1
2 L 0 1363 1
2 L 0 1566 1
3 L 4 1017 1
6 L 11 1798 1
6 L 11 879 1
17 L 11 153 1
17 L 11 26 1
17 L 11 1508 1
23 L 11 2 1
26 L 7 1482 1
26 L 7 882 1
26 L 7 1093 1
26 L 7 861 1
29 L 0 1513 1
29 L 0 963 1
29 L 0 463 1
2 D 11 384 1
2 D 11 1363 1
2 D 11 1566 1
3 D 779 1017 1
6 D 298 879 1
6 D 298 1798 1
17 D 323 26 1
17 D 323 153 1
17 D 323 1508 1
23 D 293 2 1
26 D 653 861 1
26 D 653 882 1
26 D 653 1093 1
26 D 653 1482 1
29 D 592 463 1
29 D 592 963 1
29 D 592 1513 1
7 L 10 1357 1
8 L 10 1313 1
12 L 7 1464 1
12 L 7 1643 1
12 L 7 1147 1
17 L 8 520 1
17 L 8 696 1
17 L 8 594 1
20 L 11 1444 1
20 L 11 348 1
25 L 8 1920 1
25 L 8 1430 1
27 L 9 1901 1
27 L 9 767 1
7 D 107 1357 1
8 D 355 1313 1
12 D 303 1147 1
12 D 303 1464 1
12 D 303 1643 1
17 D 913 520 1
17 D 913 594 1
17 D 913 696 1
20 D 205 348 1
20 D 205 1444 1
25 D 646 1430 1
25 D 646 1920 1
27 D 243 767 1
27 D 243 1901 1
2 L 1 1395 1
2 L 1 1172 1
2 L 1 1054 1
7 L 4 1648 1
7 L 4 1595 1
7 L 4 1475 1
7 L 4 1525 1
12 L 10 321 1
12 L 10 1538 1
12 L 10 874 1
14 L 6 346 1
14 L 6 789 1
14 L 6 727 1
15 L 5 1944 1
15 L 5 467 1
15 L 5 1958 1
20 L 5 921 1
20 L 5 1771 1
20 L 5 1289 1
25 L 0 1817 1
25 L 0 631 1
25 L 0 772 1
25 L 0 966 1
25 L 0 1127 1
26 L 0 1016 1
26 L 0 1541 1
26 L 0 359 1
2 D 375 1054 1
2 D 375 1172 1
2 D 375 1395 1
7 D 686 1475 1
7 D 686 1525 1
7 D 686 1595 1
7 D 686 1648 1
12 D 818 321 1
12 D 818 874 1
12 D 818 1538 1
14 D 895 346 1
14 D 895 727 1
14 D 895 789 1
15 D 11 467 1
15 D 11 1944 1
15 D 11 1958 1
20 D 490 921 1
20 D 490 1289 1
20 D 490 1771 1
25 D 153 631 1
25 D 153 772 1
25 D 153 966 1
25 D 153 1127 1
25 D 153 1817 1
26 D 819 359 1
26 D 819 1016 1
26 D 819 1541 1
13 L 0 116 1
13 L 0 1214 1
14 L 11 1042 1
17 L 5 1731 1
17 L 5 55 1
22 L 11 1233 1
28 L 11 985 1
29 L 3 409 1
29 L 3 962 1
29 L 3 1955 1
13 D 592 116 1
13 D 592 1214 1
14 D 913 1042 1
17 D 772 55 1
17 D 772 1731 1
22 D 924 1233 1
28 D 243 985 1
29 D 359 409 1
29 D 359 962 1
29 D 359 1955 1
6 L 0 153 1
6 L 0 1683 1
6 L 0 793 1
12 L 6 697 1
12 L 6 988 1
14 L 5 396 1
14 L 5 598 1
21 L 5 1098 1
22 L 11 427 1
22 L 11 852 1
26 L 6 228 1
26 L 6 1991 1
6 D 818 153 1
6 D 818 793 1
6 D 818 1683 1
12 D 754 697 1
12 D 754 988 1
14 D 11 396 1
14 D 11 598 1
21 D 490 1098 1
22 D 505 427 1
22 D 505 852 1
26 D 895 228 1
26 D 895 1991 1
1 L 1 395 1
1 L 1 1820 1
3 L 0 865 1
3 L 0 26 1
3 L 0 1380 1
7 L 1 124 1
14 L 0 1824 1
14 L 0 943 1
18 L 6 537 1
18 L 6 298 1
18 L 6 79 1
23 L 2 488 1
23 L 2 1732 1
25 L 9 353 1
25 L 9 1658 1
25 L 9 1135 1
27 L 7 1584 1
27 L 7 1797 1
1 D 153 395 1
1 D 153 1820 1
3 D 819 26 1
3 D 819 865 1
3 D 819 1380 1
7 D 375 124 1
14 D 592 943 1
14 D 592 1824 1
18 D 772 79 1
18 D 772 298 1
18 D 772 537 1
23 D 814 488 1
23 D 814 1732 1
25 D 534 353 1
25 D 534 1135 1
25 D 534 1658 1
27 D 686 1584 1
27 D 686 1797 1
8 L 9 312 1
11 L 0 289 1
11 L 0 1938 1
12 L 0 1002 1
12 L 0 1322 1
12 L 0 941 1
17 L 5 481 1
17 L 5 1058 1
8 D 754 312 1
11 D 818 289 1
11 D 818 1938 1
12 D 730 941 1
12 D 730 1002 1
12 D 730 1322 1
17 D 11 481 1
17 D 11 1058 1
0 L 11 1481 1
14 L 2 1290 1
14 L 2 956 1
16 L 0 265 1
16 L 0 795 1
16 L 0 558 1
21 L 10 1910 1
22 L 4 1037 1
22 L 4 127 1
29 L 4 1921 1
29 L 4 922 1
0 D 505 1481 1
14 D 153 956 1
14 D 153 1290 1
16 D 819 265 1
16 D 819 558 1
16 D 819 795 1
21 D 534 1910 1
22 D 669 127 1
22 D 669 1037 1
29 D 359 922 1
29 D 359 1921 1
8 L 11 164 1
11 L 10 1634 1
11 L 10 1506 1
13 L 3 864 1
18 L 0 259 1
18 L 0 432 1
18 L 0 1219 1
18 L 0 1196 1
26 L 10 1233 1
27 L 0 51 1
27 L 0 462 1
28 L 5 71 1
8 D 772 164 1
11 D 686 1506 1
11 D 686 1634 1
13 D 375 864 1
18 D 617 259 1
18 D 617 432 1
18 D 617 1196 1
18 D 617 1219 1
26 D 754 1233 1
27 D 818 51 1
27 D 818 462 1
28 D 955 71 1
4 L 7 1136 1
4 L 7 922 1
10 L 0 697 1
10 L 0 958 1
12 L 0 1034 1
12 L 0 1327 1
4 D 11 922 1
4 D 11 1136 1
10 D 730 697 1
10 D 730 958 1
12 D 440 1034 1
12 D 440 1327 1
8 L 5 1816 1
8 L 5 684 1
8 L 5 557 1
10 L 0 1617 1
10 L 0 101 1
12 L 2 1088 1
12 L 2 985 1
12 L 2 372 1
12 L 2 1048 1
16 L 10 388 1
18 L 11 628 1
20 L 7 866 1
20 L 7 1222 1
21 L 6 1192 1
21 L 6 441 1
21 L 6 1651 1
21 L 6 1045 1
22 L 6 1154 1
22 L 6 914 1
22 L 6 254 1
22 L 6 1983 1
8 D 669 557 1
8 D 669 684 1
8 D 669 1816 1
10 D 520 101 1
10 D 520 1617 1
12 D 218 372 1
12 D 218 985 1
12 D 218 1048 1
12 D 218 1088 1
16 D 686 388 1
18 D 534 628 1
20 D 814 866 1
20 D 814 1222 1
21 D 47 441 1
21 D 47 1045 1
21 D 47 1192 1
21 D 47 1651 1
22 D 197 254 1
22 D 197 914 1
22 D 197 1154 1
22 D 197 1983 1
4 L 9 1808 1
12 L 9 960 1
12 L 9 1376 1
17 L 0 1491 1
17 L 0 773 1
23 L 7 1384 1
23 L 7 360 1
23 L 7 1556 1
26 L 5 1618 1
26 L 5 1269 1
29 L 0 1480 1
29 L 0 841 1
29 L 0 777 1
29 L 0 654 1
29 L 0 1665 1
4 D 375 1808 1
12 D 11 960 1
12 D 11 1376 1
17 D 592 773 1
17 D 592 1491 1
23 D 617 360 1
23 D 617 1384 1
23 D 617 1556 1
26 D 359 1269 1
26 D 359 1618 1
29 D 830 654 1
29 D 830 777 1
29 D 830 841 1
29 D 830 1480 1
29 D 830 1665 1
23 L 0 1618 1
23 L 0 1372 1
23 L 0 597 1
25 L 0 175 1
23 D 218 597 1
23 D 218 1372 1
23 D 218 1618 1
25 D 818 175 1
5 L 10 733 1
12 L 6 292 1
12 L 6 181 1
28 L 11 286 1
28 L 11 887 1
5 D 686 733 1
12 D 669 181 1
12 D 669 292 1
28 D 197 286 1
28 D 197 887 1
2 L 11 1584 1
2 L 11 1799 1
7 L 0 409 1
7 L 0 1842 1
7 L 0 1731 1
10 L 0 754 1
22 L 5 1792 1
22 L 5 1020 1
28 L 3 1688 1
28 L 3 392 1
28 L 3 1523 1
28 L 3 1372 1
28 L 3 1640 1
2 D 617 1584 1
2 D 617 1799 1
7 D 830 409 1
7 D 830 1731 1
7 D 830 1842 1
10 D 592 754 1
22 D 2 1020 1
22 D 2 1792 1
28 D 521 392 1
28 D 521 1372 1
28 D 521 1523 1
28 D 521 1640 1
28 D 521 1688 1
2 L 0 1554 1
2 L 0 1604 1
3 L 8 1357 1
18 L 10 590 1
18 L 10 239 1
21 L 8 1672 1
21 L 8 521 1
21 L 8 1913 1
23 L 1 865 1
23 L 1 1466 1
23 L 1 1769 1
23 L 1 743 1
25 L 0 50 1
25 L 0 1127 1
25 L 0 612 1
25 L 0 727 1
27 L 6 1445 1
29 L 0 843 1
29 L 0 334 1
2 D 218 1554 1
2 D 218 1604 1
3 D 818 1357 1
18 D 47 239 1
18 D 47 590 1
21 D 551 521 1
21 D 551 1672 1
21 D 551 1913 1
23 D 61 743 1
23 D 61 865 1
23 D 61 1466 1
23 D 61 1769 1
25 D 89 50 1
25 D 89 612 1
25 D 89 727 1
25 D 89 1127 1
27 D 359 1445 1
29 D 30 334 1
29 D 30 843 1
